[I 250618 10:51:22 test:60] Socket opened
[W 250618 11:01:04 smartWebSocketV2:318] Attempting to resubscribe/reconnect (Attempt 1)...
[E 250618 11:01:04 test:64] Connection closed
[W 250618 11:01:04 smartWebSocketV2:342] Connection closed due to max retry attempts reached.
[I 250618 11:01:08 test:80] Socket opened
[E 250618 11:01:08 test:76] Error parsing tick: name 'os' is not defined
[E 250618 11:01:08 test:76] Error parsing tick: name 'os' is not defined
[E 250618 11:01:08 test:76] Error parsing tick: name 'os' is not defined
[E 250618 11:01:08 test:76] Error parsing tick: name 'os' is not defined
[E 250618 11:01:08 test:76] Error parsing tick: name 'os' is not defined
[E 250618 11:01:08 test:76] Error parsing tick: name 'os' is not defined
[E 250618 11:01:08 test:76] Error parsing tick: name 'os' is not defined
[E 250618 11:01:08 test:76] Error parsing tick: name 'os' is not defined
[E 250618 11:01:08 test:76] Error parsing tick: name 'os' is not defined
[E 250618 11:01:08 test:76] Error parsing tick: name 'os' is not defined
[E 250618 11:01:08 test:76] Error parsing tick: name 'os' is not defined
[E 250618 11:01:08 test:76] Error parsing tick: name 'os' is not defined
[E 250618 11:01:08 test:76] Error parsing tick: name 'os' is not defined
[E 250618 11:01:08 test:76] Error parsing tick: name 'os' is not defined
[E 250618 11:01:08 test:76] Error parsing tick: name 'os' is not defined
[E 250618 11:01:08 test:76] Error parsing tick: name 'os' is not defined
[E 250618 11:01:08 test:76] Error parsing tick: name 'os' is not defined
[E 250618 11:01:08 test:76] Error parsing tick: name 'os' is not defined
[E 250618 11:01:08 test:76] Error parsing tick: name 'os' is not defined
[E 250618 11:01:08 test:76] Error parsing tick: name 'os' is not defined
[E 250618 11:01:08 test:76] Error parsing tick: name 'os' is not defined
[E 250618 11:01:08 test:76] Error parsing tick: name 'os' is not defined
[E 250618 11:01:08 test:76] Error parsing tick: name 'os' is not defined
[E 250618 11:01:08 test:76] Error parsing tick: name 'os' is not defined
[E 250618 11:01:08 test:76] Error parsing tick: name 'os' is not defined
[E 250618 11:01:08 test:76] Error parsing tick: name 'os' is not defined
[E 250618 11:01:08 test:76] Error parsing tick: name 'os' is not defined
[E 250618 11:01:08 test:76] Error parsing tick: name 'os' is not defined
[E 250618 11:01:08 test:76] Error parsing tick: name 'os' is not defined
[E 250618 11:01:08 test:76] Error parsing tick: name 'os' is not defined
[E 250618 11:01:08 test:76] Error parsing tick: name 'os' is not defined
[E 250618 11:01:08 test:76] Error parsing tick: name 'os' is not defined
[E 250618 11:01:08 test:76] Error parsing tick: name 'os' is not defined
[E 250618 11:01:08 test:76] Error parsing tick: name 'os' is not defined
[E 250618 11:01:08 test:76] Error parsing tick: name 'os' is not defined
[E 250618 11:01:08 test:76] Error parsing tick: name 'os' is not defined
[E 250618 11:01:08 test:76] Error parsing tick: name 'os' is not defined
[E 250618 11:01:08 test:76] Error parsing tick: name 'os' is not defined
[E 250618 11:01:08 test:76] Error parsing tick: name 'os' is not defined
[E 250618 11:01:08 test:76] Error parsing tick: name 'os' is not defined
[E 250618 11:01:08 test:76] Error parsing tick: name 'os' is not defined
[E 250618 11:01:08 test:76] Error parsing tick: name 'os' is not defined
[E 250618 11:01:08 test:76] Error parsing tick: name 'os' is not defined
[E 250618 11:01:08 test:76] Error parsing tick: name 'os' is not defined
[E 250618 11:01:08 test:76] Error parsing tick: name 'os' is not defined
[E 250618 11:01:08 test:76] Error parsing tick: name 'os' is not defined
[E 250618 11:01:08 test:76] Error parsing tick: name 'os' is not defined
[E 250618 11:01:08 test:76] Error parsing tick: name 'os' is not defined
[E 250618 11:01:08 test:76] Error parsing tick: name 'os' is not defined
[E 250618 11:01:08 test:76] Error parsing tick: name 'os' is not defined
[E 250618 11:01:09 test:76] Error parsing tick: name 'os' is not defined
[E 250618 11:01:09 test:76] Error parsing tick: name 'os' is not defined
[E 250618 11:01:09 test:76] Error parsing tick: name 'os' is not defined
[E 250618 11:01:09 test:76] Error parsing tick: name 'os' is not defined
[E 250618 11:01:09 test:76] Error parsing tick: name 'os' is not defined
[E 250618 11:01:09 test:76] Error parsing tick: name 'os' is not defined
[E 250618 11:01:09 test:76] Error parsing tick: name 'os' is not defined
[E 250618 11:01:09 test:76] Error parsing tick: name 'os' is not defined
[E 250618 11:01:09 test:76] Error parsing tick: name 'os' is not defined
[E 250618 11:01:09 test:76] Error parsing tick: name 'os' is not defined
[E 250618 11:01:09 test:76] Error parsing tick: name 'os' is not defined
[E 250618 11:01:09 test:76] Error parsing tick: name 'os' is not defined
[E 250618 11:01:09 test:76] Error parsing tick: name 'os' is not defined
[E 250618 11:01:09 test:76] Error parsing tick: name 'os' is not defined
[E 250618 11:01:09 test:76] Error parsing tick: name 'os' is not defined
[E 250618 11:01:09 test:76] Error parsing tick: name 'os' is not defined
[E 250618 11:01:09 test:76] Error parsing tick: name 'os' is not defined
[E 250618 11:01:09 test:76] Error parsing tick: name 'os' is not defined
[E 250618 11:01:09 test:76] Error parsing tick: name 'os' is not defined
[E 250618 11:01:09 test:76] Error parsing tick: name 'os' is not defined
[E 250618 11:01:09 test:76] Error parsing tick: name 'os' is not defined
[E 250618 11:01:09 test:76] Error parsing tick: name 'os' is not defined
[E 250618 11:01:09 test:76] Error parsing tick: name 'os' is not defined
[E 250618 11:01:09 test:76] Error parsing tick: name 'os' is not defined
[E 250618 11:01:09 test:76] Error parsing tick: name 'os' is not defined
[E 250618 11:01:09 test:76] Error parsing tick: name 'os' is not defined
[E 250618 11:01:09 test:76] Error parsing tick: name 'os' is not defined
[E 250618 11:01:09 test:76] Error parsing tick: name 'os' is not defined
[E 250618 11:01:09 test:76] Error parsing tick: name 'os' is not defined
[E 250618 11:01:09 test:76] Error parsing tick: name 'os' is not defined
[E 250618 11:01:09 test:76] Error parsing tick: name 'os' is not defined
[E 250618 11:01:09 test:76] Error parsing tick: name 'os' is not defined
[E 250618 11:01:09 test:76] Error parsing tick: name 'os' is not defined
[E 250618 11:01:09 test:76] Error parsing tick: name 'os' is not defined
[E 250618 11:01:09 test:76] Error parsing tick: name 'os' is not defined
[E 250618 11:01:09 test:76] Error parsing tick: name 'os' is not defined
[E 250618 11:01:09 test:76] Error parsing tick: name 'os' is not defined
[E 250618 11:01:10 test:76] Error parsing tick: name 'os' is not defined
[E 250618 11:01:10 test:76] Error parsing tick: name 'os' is not defined
[E 250618 11:01:10 test:76] Error parsing tick: name 'os' is not defined
[E 250618 11:01:10 test:76] Error parsing tick: name 'os' is not defined
[E 250618 11:01:10 test:76] Error parsing tick: name 'os' is not defined
[E 250618 11:01:10 test:76] Error parsing tick: name 'os' is not defined
[E 250618 11:01:10 test:76] Error parsing tick: name 'os' is not defined
[E 250618 11:01:10 test:76] Error parsing tick: name 'os' is not defined
[E 250618 11:01:10 test:76] Error parsing tick: name 'os' is not defined
[E 250618 11:01:10 test:76] Error parsing tick: name 'os' is not defined
[E 250618 11:01:10 test:76] Error parsing tick: name 'os' is not defined
[E 250618 11:01:10 test:76] Error parsing tick: name 'os' is not defined
[E 250618 11:01:10 test:76] Error parsing tick: name 'os' is not defined
[E 250618 11:01:10 test:76] Error parsing tick: name 'os' is not defined
[E 250618 11:01:10 test:76] Error parsing tick: name 'os' is not defined
[E 250618 11:01:10 test:76] Error parsing tick: name 'os' is not defined
[E 250618 11:01:10 test:76] Error parsing tick: name 'os' is not defined
[E 250618 11:01:10 test:76] Error parsing tick: name 'os' is not defined
[E 250618 11:01:10 test:76] Error parsing tick: name 'os' is not defined
[E 250618 11:01:10 test:76] Error parsing tick: name 'os' is not defined
[E 250618 11:01:10 test:76] Error parsing tick: name 'os' is not defined
[E 250618 11:01:10 test:76] Error parsing tick: name 'os' is not defined
[E 250618 11:01:10 test:76] Error parsing tick: name 'os' is not defined
[E 250618 11:01:10 test:76] Error parsing tick: name 'os' is not defined
[E 250618 11:01:10 test:76] Error parsing tick: name 'os' is not defined
[E 250618 11:01:10 test:76] Error parsing tick: name 'os' is not defined
[E 250618 11:01:10 test:76] Error parsing tick: name 'os' is not defined
[E 250618 11:01:10 test:76] Error parsing tick: name 'os' is not defined
[E 250618 11:01:10 test:76] Error parsing tick: name 'os' is not defined
[E 250618 11:01:10 test:76] Error parsing tick: name 'os' is not defined
[E 250618 11:01:11 test:76] Error parsing tick: name 'os' is not defined
[E 250618 11:01:11 test:76] Error parsing tick: name 'os' is not defined
[E 250618 11:01:11 test:76] Error parsing tick: name 'os' is not defined
[E 250618 11:01:11 test:76] Error parsing tick: name 'os' is not defined
[E 250618 11:01:11 test:76] Error parsing tick: name 'os' is not defined
[E 250618 11:01:11 test:76] Error parsing tick: name 'os' is not defined
[E 250618 11:01:11 test:76] Error parsing tick: name 'os' is not defined
[E 250618 11:01:11 test:76] Error parsing tick: name 'os' is not defined
[E 250618 11:01:11 test:76] Error parsing tick: name 'os' is not defined
[E 250618 11:01:11 test:76] Error parsing tick: name 'os' is not defined
[E 250618 11:01:11 test:76] Error parsing tick: name 'os' is not defined
[E 250618 11:01:11 test:76] Error parsing tick: name 'os' is not defined
[E 250618 11:01:11 test:76] Error parsing tick: name 'os' is not defined
[E 250618 11:01:11 test:76] Error parsing tick: name 'os' is not defined
[E 250618 11:01:11 test:76] Error parsing tick: name 'os' is not defined
[E 250618 11:01:11 test:76] Error parsing tick: name 'os' is not defined
[E 250618 11:01:11 test:76] Error parsing tick: name 'os' is not defined
[E 250618 11:01:11 test:76] Error parsing tick: name 'os' is not defined
[E 250618 11:01:11 test:76] Error parsing tick: name 'os' is not defined
[E 250618 11:01:11 test:76] Error parsing tick: name 'os' is not defined
[E 250618 11:01:11 test:76] Error parsing tick: name 'os' is not defined
[E 250618 11:01:11 test:76] Error parsing tick: name 'os' is not defined
[E 250618 11:01:11 test:76] Error parsing tick: name 'os' is not defined
[E 250618 11:01:11 test:76] Error parsing tick: name 'os' is not defined
[E 250618 11:01:11 test:76] Error parsing tick: name 'os' is not defined
[E 250618 11:01:11 test:76] Error parsing tick: name 'os' is not defined
[E 250618 11:01:11 test:76] Error parsing tick: name 'os' is not defined
[E 250618 11:01:11 test:76] Error parsing tick: name 'os' is not defined
[E 250618 11:01:11 test:76] Error parsing tick: name 'os' is not defined
[E 250618 11:01:11 test:76] Error parsing tick: name 'os' is not defined
[E 250618 11:01:11 test:76] Error parsing tick: name 'os' is not defined
[E 250618 11:01:11 test:76] Error parsing tick: name 'os' is not defined
[E 250618 11:01:11 test:76] Error parsing tick: name 'os' is not defined
[E 250618 11:01:11 test:76] Error parsing tick: name 'os' is not defined
[E 250618 11:01:11 test:76] Error parsing tick: name 'os' is not defined
[E 250618 11:01:11 test:76] Error parsing tick: name 'os' is not defined
[E 250618 11:01:11 test:76] Error parsing tick: name 'os' is not defined
[E 250618 11:01:11 test:76] Error parsing tick: name 'os' is not defined
[E 250618 11:01:11 test:76] Error parsing tick: name 'os' is not defined
[E 250618 11:01:11 test:76] Error parsing tick: name 'os' is not defined
[E 250618 11:01:11 test:76] Error parsing tick: name 'os' is not defined
[E 250618 11:01:11 test:76] Error parsing tick: name 'os' is not defined
[E 250618 11:01:11 test:76] Error parsing tick: name 'os' is not defined
[E 250618 11:01:11 test:76] Error parsing tick: name 'os' is not defined
[E 250618 11:01:11 test:76] Error parsing tick: name 'os' is not defined
[E 250618 11:01:12 test:76] Error parsing tick: name 'os' is not defined
[E 250618 11:01:12 test:76] Error parsing tick: name 'os' is not defined
[E 250618 11:01:12 test:76] Error parsing tick: name 'os' is not defined
[E 250618 11:01:12 test:76] Error parsing tick: name 'os' is not defined
[E 250618 11:01:12 test:76] Error parsing tick: name 'os' is not defined
[E 250618 11:01:12 test:76] Error parsing tick: name 'os' is not defined
[E 250618 11:01:12 test:76] Error parsing tick: name 'os' is not defined
[E 250618 11:01:12 test:76] Error parsing tick: name 'os' is not defined
[E 250618 11:01:12 test:76] Error parsing tick: name 'os' is not defined
[E 250618 11:01:12 test:76] Error parsing tick: name 'os' is not defined
[E 250618 11:01:12 test:76] Error parsing tick: name 'os' is not defined
[E 250618 11:01:12 test:76] Error parsing tick: name 'os' is not defined
[E 250618 11:01:12 test:76] Error parsing tick: name 'os' is not defined
[E 250618 11:01:12 test:76] Error parsing tick: name 'os' is not defined
[E 250618 11:01:12 test:76] Error parsing tick: name 'os' is not defined
[E 250618 11:01:12 test:76] Error parsing tick: name 'os' is not defined
[E 250618 11:01:12 test:76] Error parsing tick: name 'os' is not defined
[E 250618 11:01:12 test:76] Error parsing tick: name 'os' is not defined
[E 250618 11:01:12 test:76] Error parsing tick: name 'os' is not defined
[E 250618 11:01:12 test:76] Error parsing tick: name 'os' is not defined
[E 250618 11:01:12 test:76] Error parsing tick: name 'os' is not defined
[E 250618 11:01:12 test:76] Error parsing tick: name 'os' is not defined
[E 250618 11:01:12 test:76] Error parsing tick: name 'os' is not defined
[E 250618 11:01:12 test:76] Error parsing tick: name 'os' is not defined
[E 250618 11:01:12 test:76] Error parsing tick: name 'os' is not defined
[E 250618 11:01:12 test:76] Error parsing tick: name 'os' is not defined
[E 250618 11:01:12 test:76] Error parsing tick: name 'os' is not defined
[W 250618 11:01:12 smartWebSocketV2:318] Attempting to resubscribe/reconnect (Attempt 1)...
[E 250618 11:01:12 test:84] Connection closed
[W 250618 11:01:12 smartWebSocketV2:342] Connection closed due to max retry attempts reached.
[I 250618 11:01:36 test:81] Socket opened
[W 250618 13:19:22 smartWebSocketV2:318] Attempting to resubscribe/reconnect (Attempt 1)...
[I 250618 13:19:32 test:81] Socket opened
[E 250618 15:30:49 test:85] Connection closed
[W 250618 15:30:49 smartWebSocketV2:342] Connection closed due to max retry attempts reached.
[E 250618 15:30:49 test:85] Connection closed
[W 250618 15:30:49 smartWebSocketV2:342] Connection closed due to max retry attempts reached.
[E 250618 15:30:49 test:85] Connection closed
[W 250618 15:30:49 smartWebSocketV2:342] Connection closed due to max retry attempts reached.
