[I 250621 17:43:45 fetching_tickData:160] WebSocket opened
[W 250621 17:43:52 smartWebSocketV2:318] Attempting to resubscribe/reconnect (Attempt 1)...
[E 250621 17:43:52 fetching_tickData:164] WebSocket error: Connection closed
[W 250621 17:43:52 smartWebSocketV2:342] Connection closed due to max retry attempts reached.
[I 250621 17:56:33 fetching_tickData:121] WebSocket opened.
[W 250621 17:57:24 smartWebSocketV2:318] Attempting to resubscribe/reconnect (Attempt 1)...
[E 250621 17:57:24 fetching_tickData:125] WebSocket error: Connection closed
[W 250621 17:57:24 smartWebSocketV2:342] Connection closed due to max retry attempts reached.
[I 250621 17:57:28 fetching_tickData:121] WebSocket opened.
[W 250621 17:57:35 smartWebSocketV2:318] Attempting to resubscribe/reconnect (Attempt 1)...
[E 250621 17:57:36 fetching_tickData:125] WebSocket error: Connection closed
[W 250621 17:57:36 smartWebSocketV2:342] Connection closed due to max retry attempts reached.
[I 250621 17:57:39 fetching_tickData:121] WebSocket opened.
[W 250621 17:57:49 smartWebSocketV2:318] Attempting to resubscribe/reconnect (Attempt 1)...
[E 250621 17:57:50 fetching_tickData:125] WebSocket error: Connection closed
[W 250621 17:57:50 smartWebSocketV2:342] Connection closed due to max retry attempts reached.
[I 250621 17:57:53 fetching_tickData:121] WebSocket opened.
[W 250621 17:59:26 smartWebSocketV2:318] Attempting to resubscribe/reconnect (Attempt 1)...
[E 250621 17:59:27 fetching_tickData:125] WebSocket error: Connection closed
[W 250621 17:59:27 smartWebSocketV2:342] Connection closed due to max retry attempts reached.
[I 250621 17:59:40 fetching_tickData:120] ✅ WebSocket opened
[W 250621 18:24:27 smartWebSocketV2:318] Attempting to resubscribe/reconnect (Attempt 1)...
[I 250621 18:24:37 fetching_tickData:120] ✅ WebSocket opened
